C:\Users\user\source\repos\Railml_editor\RailmlEditor\ViewModels\GraphViewModel.cs(41,31): warning CS8714: 'string?' 형식은 제네릭 형식 또는 'Enumerable.ToDictionary<TSource, TKey>(IEnumerable<TSource>, Func<TSource, TKey>)' 메서드에서 'TKey' 형식 매개 변수로 사용할 수 없습니다. 'string?' 형식 인수의 Null 허용 여부가 'notnull' 제약 조건과 일치하지 않습니다. [C:\Users\user\source\repos\Railml_editor\RailmlEditor\RailmlEditor_jzucufyt_wpftmp.csproj]
C:\Users\user\source\repos\Railml_editor\RailmlEditor\ViewModels\GraphViewModel.cs(41,54): warning CS8621: '람다 식'의 반환 형식에서 참조 형식의 Null 허용 여부가 대상 대리자 'Func<TrackViewModel, string?>'과(와) 일치하지 않습니다(Null 허용 여부 특성 때문일 수 있음). [C:\Users\user\source\repos\Railml_editor\RailmlEditor\RailmlEditor_jzucufyt_wpftmp.csproj]
C:\Users\user\source\repos\Railml_editor\RailmlEditor\ViewModels\GraphViewModel.cs(58,38): warning CS8604: 'GraphNodeViewModel GraphViewModel.GetOrCreateNode(string id, string label, string type, double x, double y)'의 매개 변수 'id'에 대한 가능한 null 참조 인수입니다. [C:\Users\user\source\repos\Railml_editor\RailmlEditor\RailmlEditor_jzucufyt_wpftmp.csproj]
C:\Users\user\source\repos\Railml_editor\RailmlEditor\ViewModels\GraphViewModel.cs(58,48): warning CS8604: 'GraphNodeViewModel GraphViewModel.GetOrCreateNode(string id, string label, string type, double x, double y)'의 매개 변수 'label'에 대한 가능한 null 참조 인수입니다. [C:\Users\user\source\repos\Railml_editor\RailmlEditor\RailmlEditor_jzucufyt_wpftmp.csproj]
C:\Users\user\source\repos\Railml_editor\RailmlEditor\ViewModels\GraphViewModel.cs(64,33): warning CS8604: 'GraphNodeViewModel GraphViewModel.GetOrCreateNode(string id, string label, string type, double x, double y)'의 매개 변수 'id'에 대한 가능한 null 참조 인수입니다. [C:\Users\user\source\repos\Railml_editor\RailmlEditor\RailmlEditor_jzucufyt_wpftmp.csproj]
C:\Users\user\source\repos\Railml_editor\RailmlEditor\ViewModels\GraphViewModel.cs(64,40): warning CS8604: 'GraphNodeViewModel GraphViewModel.GetOrCreateNode(string id, string label, string type, double x, double y)'의 매개 변수 'label'에 대한 가능한 null 참조 인수입니다. [C:\Users\user\source\repos\Railml_editor\RailmlEditor\RailmlEditor_jzucufyt_wpftmp.csproj]
C:\Users\user\source\repos\Railml_editor\RailmlEditor\ViewModels\GraphViewModel.cs(69,33): warning CS8604: 'GraphNodeViewModel GraphViewModel.GetOrCreateNode(string id, string label, string type, double x, double y)'의 매개 변수 'id'에 대한 가능한 null 참조 인수입니다. [C:\Users\user\source\repos\Railml_editor\RailmlEditor\RailmlEditor_jzucufyt_wpftmp.csproj]
C:\Users\user\source\repos\Railml_editor\RailmlEditor\ViewModels\GraphViewModel.cs(69,41): warning CS8604: 'GraphNodeViewModel GraphViewModel.GetOrCreateNode(string id, string label, string type, double x, double y)'의 매개 변수 'label'에 대한 가능한 null 참조 인수입니다. [C:\Users\user\source\repos\Railml_editor\RailmlEditor\RailmlEditor_jzucufyt_wpftmp.csproj]
C:\Users\user\source\repos\Railml_editor\RailmlEditor\ViewModels\GraphViewModel.cs(132,66): warning CS8604: 'void GraphViewModel.AddToTrackMap(Dictionary<string, List<TrackPositionNode>> map, string trackId, double pos, GraphNodeViewModel node)'의 매개 변수 'trackId'에 대한 가능한 null 참조 인수입니다. [C:\Users\user\source\repos\Railml_editor\RailmlEditor\RailmlEditor_jzucufyt_wpftmp.csproj]
C:\Users\user\source\repos\Railml_editor\RailmlEditor\ViewModels\GraphViewModel.cs(156,50): warning CS8620: 참조 형식의 null 허용 여부 차이로 인해 'GraphNodeViewModel? GraphViewModel.Traverse(TraversalCursor cursor, Dictionary<string, TrackViewModel> trackLookup, Dictionary<string, List<TrackPositionNode>> onTrackNodes, GraphNodeViewModel startNode, int depth = 0)'에서 'Dictionary<string, TrackViewModel>' 형식 'trackLookup' 매개 변수에 대해 'Dictionary<string?, TrackViewModel>' 형식 인수를 사용할 수 없습니다. [C:\Users\user\source\repos\Railml_editor\RailmlEditor\RailmlEditor_jzucufyt_wpftmp.csproj]
C:\Users\user\source\repos\Railml_editor\RailmlEditor\ViewModels\GraphViewModel.cs(167,43): warning CS8600: null 리터럴 또는 가능한 null 값을 null을 허용하지 않는 형식으로 변환하는 중입니다. [C:\Users\user\source\repos\Railml_editor\RailmlEditor\RailmlEditor_jzucufyt_wpftmp.csproj]
C:\Users\user\source\repos\Railml_editor\RailmlEditor\ViewModels\GraphViewModel.cs(193,91): warning CS8604: 'GraphEdgeViewModel.GraphEdgeViewModel(GraphNodeViewModel from, GraphNodeViewModel to, string direction = "none", string label = "")'의 매개 변수 'label'에 대한 가능한 null 참조 인수입니다. [C:\Users\user\source\repos\Railml_editor\RailmlEditor\RailmlEditor_jzucufyt_wpftmp.csproj]
C:\Users\user\source\repos\Railml_editor\RailmlEditor\Logic\TopologyManager.cs(106,28): warning CS8620: 참조 형식의 null 허용 여부 차이로 인해 'void List<(double X, double Y, string TrackId, bool isEnd)>.Add((double X, double Y, string TrackId, bool isEnd) item)'에서 '(double X, double Y, string TrackId, bool isEnd)' 형식 'item' 매개 변수에 대해 '(double X, double Y, string? Id, bool)' 형식 인수를 사용할 수 없습니다. [C:\Users\user\source\repos\Railml_editor\RailmlEditor\RailmlEditor_jzucufyt_wpftmp.csproj]
C:\Users\user\source\repos\Railml_editor\RailmlEditor\Logic\TopologyManager.cs(107,28): warning CS8620: 참조 형식의 null 허용 여부 차이로 인해 'void List<(double X, double Y, string TrackId, bool isEnd)>.Add((double X, double Y, string TrackId, bool isEnd) item)'에서 '(double X, double Y, string TrackId, bool isEnd)' 형식 'item' 매개 변수에 대해 '(double X2, double Y2, string? Id, bool)' 형식 인수를 사용할 수 없습니다. [C:\Users\user\source\repos\Railml_editor\RailmlEditor\RailmlEditor_jzucufyt_wpftmp.csproj]
C:\Users\user\source\repos\Railml_editor\RailmlEditor\Logic\TopologyManager.cs(222,66): warning CS8604: 'void List<string>.Add(string item)'의 매개 변수 'item'에 대한 가능한 null 참조 인수입니다. [C:\Users\user\source\repos\Railml_editor\RailmlEditor\RailmlEditor_jzucufyt_wpftmp.csproj]
C:\Users\user\source\repos\Railml_editor\RailmlEditor\ViewModels\GraphViewModel.cs(267,64): warning CS8601: 가능한 null 참조 할당입니다. [C:\Users\user\source\repos\Railml_editor\RailmlEditor\RailmlEditor_jzucufyt_wpftmp.csproj]
C:\Users\user\source\repos\Railml_editor\RailmlEditor\ViewModels\GraphViewModel.cs(268,64): warning CS8601: 가능한 null 참조 할당입니다. [C:\Users\user\source\repos\Railml_editor\RailmlEditor\RailmlEditor_jzucufyt_wpftmp.csproj]
C:\Users\user\source\repos\Railml_editor\RailmlEditor\Logic\TopologyManager.cs(245,72): warning CS8604: 'Match Regex.Match(string input, string pattern)'의 매개 변수 'input'에 대한 가능한 null 참조 인수입니다. [C:\Users\user\source\repos\Railml_editor\RailmlEditor\RailmlEditor_jzucufyt_wpftmp.csproj]
C:\Users\user\source\repos\Railml_editor\RailmlEditor\ViewModels\GraphViewModel.cs(335,41): warning CS8600: null 리터럴 또는 가능한 null 값을 null을 허용하지 않는 형식으로 변환하는 중입니다. [C:\Users\user\source\repos\Railml_editor\RailmlEditor\RailmlEditor_jzucufyt_wpftmp.csproj]
C:\Users\user\source\repos\Railml_editor\RailmlEditor\ViewModels\GraphViewModel.cs(355,40): warning CS8601: 가능한 null 참조 할당입니다. [C:\Users\user\source\repos\Railml_editor\RailmlEditor\RailmlEditor_jzucufyt_wpftmp.csproj]
C:\Users\user\source\repos\Railml_editor\RailmlEditor\ViewModels\GraphViewModel.cs(366,50): warning CS8604: 'bool Dictionary<string, List<TrackPositionNode>>.TryGetValue(string key, out List<TrackPositionNode> value)'의 매개 변수 'key'에 대한 가능한 null 참조 인수입니다. [C:\Users\user\source\repos\Railml_editor\RailmlEditor\RailmlEditor_jzucufyt_wpftmp.csproj]
C:\Users\user\source\repos\Railml_editor\RailmlEditor\ViewModels\GraphViewModel.cs(379,41): warning CS8600: null 리터럴 또는 가능한 null 값을 null을 허용하지 않는 형식으로 변환하는 중입니다. [C:\Users\user\source\repos\Railml_editor\RailmlEditor\RailmlEditor_jzucufyt_wpftmp.csproj]
C:\Users\user\source\repos\Railml_editor\RailmlEditor\ViewModels\GraphViewModel.cs(397,40): warning CS8601: 가능한 null 참조 할당입니다. [C:\Users\user\source\repos\Railml_editor\RailmlEditor\RailmlEditor_jzucufyt_wpftmp.csproj]
C:\Users\user\source\repos\Railml_editor\RailmlEditor\ViewModels\GraphViewModel.cs(408,50): warning CS8604: 'bool Dictionary<string, List<TrackPositionNode>>.TryGetValue(string key, out List<TrackPositionNode> value)'의 매개 변수 'key'에 대한 가능한 null 참조 인수입니다. [C:\Users\user\source\repos\Railml_editor\RailmlEditor\RailmlEditor_jzucufyt_wpftmp.csproj]
C:\Users\user\source\repos\Railml_editor\RailmlEditor\Services\RailmlService.cs(46,44): warning CS8600: null 리터럴 또는 가능한 null 값을 null을 허용하지 않는 형식으로 변환하는 중입니다. [C:\Users\user\source\repos\Railml_editor\RailmlEditor\RailmlEditor_jzucufyt_wpftmp.csproj]
C:\Users\user\source\repos\Railml_editor\RailmlEditor\Services\RailmlService.cs(190,26): warning CS8604: 'Track Dictionary<string, Track>.this[string key]'의 매개 변수 'key'에 대한 가능한 null 참조 인수입니다. [C:\Users\user\source\repos\Railml_editor\RailmlEditor\RailmlEditor_jzucufyt_wpftmp.csproj]
C:\Users\user\source\repos\Railml_editor\RailmlEditor\Services\RailmlService.cs(244,98): warning CS8604: 'Match Regex.Match(string input, string pattern)'의 매개 변수 'input'에 대한 가능한 null 참조 인수입니다. [C:\Users\user\source\repos\Railml_editor\RailmlEditor\RailmlEditor_jzucufyt_wpftmp.csproj]
C:\Users\user\source\repos\Railml_editor\RailmlEditor\Services\RailmlService.cs(249,96): warning CS8604: 'Match Regex.Match(string input, string pattern)'의 매개 변수 'input'에 대한 가능한 null 참조 인수입니다. [C:\Users\user\source\repos\Railml_editor\RailmlEditor\RailmlEditor_jzucufyt_wpftmp.csproj]
C:\Users\user\source\repos\Railml_editor\RailmlEditor\Services\RailmlService.cs(269,105): warning CS8620: 참조 형식의 null 허용 여부 차이로 인해 'HashSet<string>.HashSet(IEnumerable<string> collection)'에서 'IEnumerable<string>' 형식 'collection' 매개 변수에 대해 'IEnumerable<string?>' 형식 인수를 사용할 수 없습니다. [C:\Users\user\source\repos\Railml_editor\RailmlEditor\RailmlEditor_jzucufyt_wpftmp.csproj]
C:\Users\user\source\repos\Railml_editor\RailmlEditor\Services\RailmlService.cs(270,56): warning CS8604: 'bool HashSet<string>.Add(string item)'의 매개 변수 'item'에 대한 가능한 null 참조 인수입니다. [C:\Users\user\source\repos\Railml_editor\RailmlEditor\RailmlEditor_jzucufyt_wpftmp.csproj]
C:\Users\user\source\repos\Railml_editor\RailmlEditor\Services\RailmlService.cs(291,100): warning CS8604: 'Match Regex.Match(string input, string pattern)'의 매개 변수 'input'에 대한 가능한 null 참조 인수입니다. [C:\Users\user\source\repos\Railml_editor\RailmlEditor\RailmlEditor_jzucufyt_wpftmp.csproj]
C:\Users\user\source\repos\Railml_editor\RailmlEditor\Services\RailmlService.cs(332,103): warning CS8604: 'Match Regex.Match(string input, string pattern)'의 매개 변수 'input'에 대한 가능한 null 참조 인수입니다. [C:\Users\user\source\repos\Railml_editor\RailmlEditor\RailmlEditor_jzucufyt_wpftmp.csproj]
C:\Users\user\source\repos\Railml_editor\RailmlEditor\Services\RailmlService.cs(581,35): warning CS8602: null 가능 참조에 대한 역참조입니다. [C:\Users\user\source\repos\Railml_editor\RailmlEditor\RailmlEditor_jzucufyt_wpftmp.csproj]
C:\Users\user\source\repos\Railml_editor\RailmlEditor\Services\RailmlService.cs(592,48): warning CS8604: 'bool Dictionary<string, string>.ContainsKey(string key)'의 매개 변수 'key'에 대한 가능한 null 참조 인수입니다. [C:\Users\user\source\repos\Railml_editor\RailmlEditor\RailmlEditor_jzucufyt_wpftmp.csproj]
C:\Users\user\source\repos\Railml_editor\RailmlEditor\Services\RailmlService.cs(606,36): warning CS8604: 'string Dictionary<string, string>.this[string key]'의 매개 변수 'key'에 대한 가능한 null 참조 인수입니다. [C:\Users\user\source\repos\Railml_editor\RailmlEditor\RailmlEditor_jzucufyt_wpftmp.csproj]
C:\Users\user\source\repos\Railml_editor\RailmlEditor\Services\RailmlService.cs(606,73): warning CS8601: 가능한 null 참조 할당입니다. [C:\Users\user\source\repos\Railml_editor\RailmlEditor\RailmlEditor_jzucufyt_wpftmp.csproj]
C:\Users\user\source\repos\Railml_editor\RailmlEditor\Services\RailmlService.cs(610,44): warning CS8604: 'string Dictionary<string, string>.this[string key]'의 매개 변수 'key'에 대한 가능한 null 참조 인수입니다. [C:\Users\user\source\repos\Railml_editor\RailmlEditor\RailmlEditor_jzucufyt_wpftmp.csproj]
C:\Users\user\source\repos\Railml_editor\RailmlEditor\Services\RailmlService.cs(610,55): warning CS8601: 가능한 null 참조 할당입니다. [C:\Users\user\source\repos\Railml_editor\RailmlEditor\RailmlEditor_jzucufyt_wpftmp.csproj]
C:\Users\user\source\repos\Railml_editor\RailmlEditor\Services\RailmlService.cs(615,36): warning CS8604: 'string Dictionary<string, string>.this[string key]'의 매개 변수 'key'에 대한 가능한 null 참조 인수입니다. [C:\Users\user\source\repos\Railml_editor\RailmlEditor\RailmlEditor_jzucufyt_wpftmp.csproj]
C:\Users\user\source\repos\Railml_editor\RailmlEditor\Services\RailmlService.cs(615,71): warning CS8601: 가능한 null 참조 할당입니다. [C:\Users\user\source\repos\Railml_editor\RailmlEditor\RailmlEditor_jzucufyt_wpftmp.csproj]
C:\Users\user\source\repos\Railml_editor\RailmlEditor\Services\RailmlService.cs(619,44): warning CS8604: 'string Dictionary<string, string>.this[string key]'의 매개 변수 'key'에 대한 가능한 null 참조 인수입니다. [C:\Users\user\source\repos\Railml_editor\RailmlEditor\RailmlEditor_jzucufyt_wpftmp.csproj]
C:\Users\user\source\repos\Railml_editor\RailmlEditor\Services\RailmlService.cs(619,55): warning CS8601: 가능한 null 참조 할당입니다. [C:\Users\user\source\repos\Railml_editor\RailmlEditor\RailmlEditor_jzucufyt_wpftmp.csproj]
C:\Users\user\source\repos\Railml_editor\RailmlEditor\Services\RailmlService.cs(636,47): warning CS8604: 'bool Dictionary<string, VisualizationPosition>.TryGetValue(string key, out VisualizationPosition value)'의 매개 변수 'key'에 대한 가능한 null 참조 인수입니다. [C:\Users\user\source\repos\Railml_editor\RailmlEditor\RailmlEditor_jzucufyt_wpftmp.csproj]
C:\Users\user\source\repos\Railml_editor\RailmlEditor\Services\RailmlService.cs(642,47): warning CS8604: 'bool Dictionary<string, VisualizationPosition>.TryGetValue(string key, out VisualizationPosition value)'의 매개 변수 'key'에 대한 가능한 null 참조 인수입니다. [C:\Users\user\source\repos\Railml_editor\RailmlEditor\RailmlEditor_jzucufyt_wpftmp.csproj]
C:\Users\user\source\repos\Railml_editor\RailmlEditor\Services\RailmlService.cs(665,36): warning CS8604: 'string Dictionary<string, string>.this[string key]'의 매개 변수 'key'에 대한 가능한 null 참조 인수입니다. [C:\Users\user\source\repos\Railml_editor\RailmlEditor\RailmlEditor_jzucufyt_wpftmp.csproj]
C:\Users\user\source\repos\Railml_editor\RailmlEditor\Services\RailmlService.cs(719,154): warning CS8604: 'Match Regex.Match(string input, string pattern)'의 매개 변수 'input'에 대한 가능한 null 참조 인수입니다. [C:\Users\user\source\repos\Railml_editor\RailmlEditor\RailmlEditor_jzucufyt_wpftmp.csproj]
C:\Users\user\source\repos\Railml_editor\RailmlEditor\Services\RailmlService.cs(751,154): warning CS8604: 'Match Regex.Match(string input, string pattern)'의 매개 변수 'input'에 대한 가능한 null 참조 인수입니다. [C:\Users\user\source\repos\Railml_editor\RailmlEditor\RailmlEditor_jzucufyt_wpftmp.csproj]
C:\Users\user\source\repos\Railml_editor\RailmlEditor\Services\RailmlService.cs(777,46): warning CS8604: 'bool Dictionary<string, VisualizationPosition>.TryGetValue(string key, out VisualizationPosition value)'의 매개 변수 'key'에 대한 가능한 null 참조 인수입니다. [C:\Users\user\source\repos\Railml_editor\RailmlEditor\RailmlEditor_jzucufyt_wpftmp.csproj]
C:\Users\user\source\repos\Railml_editor\RailmlEditor\Services\RailmlService.cs(810,53): warning CS8600: null 리터럴 또는 가능한 null 값을 null을 허용하지 않는 형식으로 변환하는 중입니다. [C:\Users\user\source\repos\Railml_editor\RailmlEditor\RailmlEditor_jzucufyt_wpftmp.csproj]
C:\Users\user\source\repos\Railml_editor\RailmlEditor\Services\RailmlService.cs(811,57): warning CS8600: null 리터럴 또는 가능한 null 값을 null을 허용하지 않는 형식으로 변환하는 중입니다. [C:\Users\user\source\repos\Railml_editor\RailmlEditor\RailmlEditor_jzucufyt_wpftmp.csproj]
C:\Users\user\source\repos\Railml_editor\RailmlEditor\Services\RailmlService.cs(814,59): warning CS8604: 'bool Dictionary<string, string>.ContainsKey(string key)'의 매개 변수 'key'에 대한 가능한 null 참조 인수입니다. [C:\Users\user\source\repos\Railml_editor\RailmlEditor\RailmlEditor_jzucufyt_wpftmp.csproj]
C:\Users\user\source\repos\Railml_editor\RailmlEditor\Services\RailmlService.cs(824,58): warning CS8600: null 리터럴 또는 가능한 null 값을 null을 허용하지 않는 형식으로 변환하는 중입니다. [C:\Users\user\source\repos\Railml_editor\RailmlEditor\RailmlEditor_jzucufyt_wpftmp.csproj]
C:\Users\user\source\repos\Railml_editor\RailmlEditor\Services\RailmlService.cs(839,53): warning CS8600: null 리터럴 또는 가능한 null 값을 null을 허용하지 않는 형식으로 변환하는 중입니다. [C:\Users\user\source\repos\Railml_editor\RailmlEditor\RailmlEditor_jzucufyt_wpftmp.csproj]
C:\Users\user\source\repos\Railml_editor\RailmlEditor\Services\RailmlService.cs(840,57): warning CS8600: null 리터럴 또는 가능한 null 값을 null을 허용하지 않는 형식으로 변환하는 중입니다. [C:\Users\user\source\repos\Railml_editor\RailmlEditor\RailmlEditor_jzucufyt_wpftmp.csproj]
C:\Users\user\source\repos\Railml_editor\RailmlEditor\Services\RailmlService.cs(842,59): warning CS8604: 'bool Dictionary<string, string>.ContainsKey(string key)'의 매개 변수 'key'에 대한 가능한 null 참조 인수입니다. [C:\Users\user\source\repos\Railml_editor\RailmlEditor\RailmlEditor_jzucufyt_wpftmp.csproj]
C:\Users\user\source\repos\Railml_editor\RailmlEditor\Services\RailmlService.cs(850,58): warning CS8600: null 리터럴 또는 가능한 null 값을 null을 허용하지 않는 형식으로 변환하는 중입니다. [C:\Users\user\source\repos\Railml_editor\RailmlEditor\RailmlEditor_jzucufyt_wpftmp.csproj]
C:\Users\user\source\repos\Railml_editor\RailmlEditor\Services\RailmlService.cs(861,53): warning CS8600: null 리터럴 또는 가능한 null 값을 null을 허용하지 않는 형식으로 변환하는 중입니다. [C:\Users\user\source\repos\Railml_editor\RailmlEditor\RailmlEditor_jzucufyt_wpftmp.csproj]
C:\Users\user\source\repos\Railml_editor\RailmlEditor\Services\RailmlService.cs(862,57): warning CS8600: null 리터럴 또는 가능한 null 값을 null을 허용하지 않는 형식으로 변환하는 중입니다. [C:\Users\user\source\repos\Railml_editor\RailmlEditor\RailmlEditor_jzucufyt_wpftmp.csproj]
C:\Users\user\source\repos\Railml_editor\RailmlEditor\Services\RailmlService.cs(864,59): warning CS8604: 'bool Dictionary<string, string>.ContainsKey(string key)'의 매개 변수 'key'에 대한 가능한 null 참조 인수입니다. [C:\Users\user\source\repos\Railml_editor\RailmlEditor\RailmlEditor_jzucufyt_wpftmp.csproj]
C:\Users\user\source\repos\Railml_editor\RailmlEditor\Services\RailmlService.cs(872,58): warning CS8600: null 리터럴 또는 가능한 null 값을 null을 허용하지 않는 형식으로 변환하는 중입니다. [C:\Users\user\source\repos\Railml_editor\RailmlEditor\RailmlEditor_jzucufyt_wpftmp.csproj]
C:\Users\user\source\repos\Railml_editor\RailmlEditor\Services\RailmlService.cs(973,55): warning CS8604: 'bool Dictionary<string, VisualizationPosition>.TryGetValue(string key, out VisualizationPosition value)'의 매개 변수 'key'에 대한 가능한 null 참조 인수입니다. [C:\Users\user\source\repos\Railml_editor\RailmlEditor\RailmlEditor_jzucufyt_wpftmp.csproj]
C:\Users\user\source\repos\Railml_editor\RailmlEditor\Services\RailmlService.cs(979,55): warning CS8604: 'bool Dictionary<string, VisualizationPosition>.TryGetValue(string key, out VisualizationPosition value)'의 매개 변수 'key'에 대한 가능한 null 참조 인수입니다. [C:\Users\user\source\repos\Railml_editor\RailmlEditor\RailmlEditor_jzucufyt_wpftmp.csproj]
C:\Users\user\source\repos\Railml_editor\RailmlEditor\Services\RailmlService.cs(1150,54): warning CS8604: 'bool Dictionary<string, VisualizationPosition>.TryGetValue(string key, out VisualizationPosition value)'의 매개 변수 'key'에 대한 가능한 null 참조 인수입니다. [C:\Users\user\source\repos\Railml_editor\RailmlEditor\RailmlEditor_jzucufyt_wpftmp.csproj]
C:\Users\user\source\repos\Railml_editor\RailmlEditor\Services\RailmlService.cs(1214,110): warning CS8604: 'Match Regex.Match(string input, string pattern)'의 매개 변수 'input'에 대한 가능한 null 참조 인수입니다. [C:\Users\user\source\repos\Railml_editor\RailmlEditor\RailmlEditor_jzucufyt_wpftmp.csproj]
C:\Users\user\source\repos\Railml_editor\RailmlEditor\Services\RailmlService.cs(1229,110): warning CS8604: 'Match Regex.Match(string input, string pattern)'의 매개 변수 'input'에 대한 가능한 null 참조 인수입니다. [C:\Users\user\source\repos\Railml_editor\RailmlEditor\RailmlEditor_jzucufyt_wpftmp.csproj]
C:\Users\user\source\repos\Railml_editor\RailmlEditor\Services\RailmlService.cs(1237,105): warning CS8604: 'Match Regex.Match(string input, string pattern)'의 매개 변수 'input'에 대한 가능한 null 참조 인수입니다. [C:\Users\user\source\repos\Railml_editor\RailmlEditor\RailmlEditor_jzucufyt_wpftmp.csproj]
C:\Users\user\source\repos\Railml_editor\RailmlEditor\Services\RailmlService.cs(1261,54): warning CS8604: 'bool Dictionary<string, VisualizationPosition>.TryGetValue(string key, out VisualizationPosition value)'의 매개 변수 'key'에 대한 가능한 null 참조 인수입니다. [C:\Users\user\source\repos\Railml_editor\RailmlEditor\RailmlEditor_jzucufyt_wpftmp.csproj]
C:\Users\user\source\repos\Railml_editor\RailmlEditor\Services\RailmlService.cs(1313,54): warning CS8604: 'bool Dictionary<string, VisualizationPosition>.TryGetValue(string key, out VisualizationPosition value)'의 매개 변수 'key'에 대한 가능한 null 참조 인수입니다. [C:\Users\user\source\repos\Railml_editor\RailmlEditor\RailmlEditor_jzucufyt_wpftmp.csproj]
C:\Users\user\source\repos\Railml_editor\RailmlEditor\Services\RailmlService.cs(1342,36): warning CS8601: 가능한 null 참조 할당입니다. [C:\Users\user\source\repos\Railml_editor\RailmlEditor\RailmlEditor_jzucufyt_wpftmp.csproj]
C:\Users\user\source\repos\Railml_editor\RailmlEditor\Services\RailmlService.cs(1343,43): warning CS8601: 가능한 null 참조 할당입니다. [C:\Users\user\source\repos\Railml_editor\RailmlEditor\RailmlEditor_jzucufyt_wpftmp.csproj]
C:\Users\user\source\repos\Railml_editor\RailmlEditor\Services\RailmlService.cs(1344,48): warning CS8601: 가능한 null 참조 할당입니다. [C:\Users\user\source\repos\Railml_editor\RailmlEditor\RailmlEditor_jzucufyt_wpftmp.csproj]
C:\Users\user\source\repos\Railml_editor\RailmlEditor\Services\RailmlService.cs(1345,40): warning CS8601: 가능한 null 참조 할당입니다. [C:\Users\user\source\repos\Railml_editor\RailmlEditor\RailmlEditor_jzucufyt_wpftmp.csproj]
C:\Users\user\source\repos\Railml_editor\RailmlEditor\Services\RailmlService.cs(1346,39): warning CS8601: 가능한 null 참조 할당입니다. [C:\Users\user\source\repos\Railml_editor\RailmlEditor\RailmlEditor_jzucufyt_wpftmp.csproj]
C:\Users\user\source\repos\Railml_editor\RailmlEditor\Services\RailmlService.cs(1347,45): warning CS8601: 가능한 null 참조 할당입니다. [C:\Users\user\source\repos\Railml_editor\RailmlEditor\RailmlEditor_jzucufyt_wpftmp.csproj]
C:\Users\user\source\repos\Railml_editor\RailmlEditor\Services\RailmlService.cs(1350,49): warning CS8601: 가능한 null 참조 할당입니다. [C:\Users\user\source\repos\Railml_editor\RailmlEditor\RailmlEditor_jzucufyt_wpftmp.csproj]
C:\Users\user\source\repos\Railml_editor\RailmlEditor\Services\RailmlService.cs(1360,54): warning CS8601: 가능한 null 참조 할당입니다. [C:\Users\user\source\repos\Railml_editor\RailmlEditor\RailmlEditor_jzucufyt_wpftmp.csproj]
C:\Users\user\source\repos\Railml_editor\RailmlEditor\Services\RailmlService.cs(1373,54): warning CS8601: 가능한 null 참조 할당입니다. [C:\Users\user\source\repos\Railml_editor\RailmlEditor\RailmlEditor_jzucufyt_wpftmp.csproj]
C:\Users\user\source\repos\Railml_editor\RailmlEditor\Services\RailmlService.cs(1406,36): warning CS8601: 가능한 null 참조 할당입니다. [C:\Users\user\source\repos\Railml_editor\RailmlEditor\RailmlEditor_jzucufyt_wpftmp.csproj]
C:\Users\user\source\repos\Railml_editor\RailmlEditor\ViewModels\GraphViewModel.cs(41,31): warning CS8714: 'string?' 형식은 제네릭 형식 또는 'Enumerable.ToDictionary<TSource, TKey>(IEnumerable<TSource>, Func<TSource, TKey>)' 메서드에서 'TKey' 형식 매개 변수로 사용할 수 없습니다. 'string?' 형식 인수의 Null 허용 여부가 'notnull' 제약 조건과 일치하지 않습니다. [C:\Users\user\source\repos\Railml_editor\RailmlEditor\RailmlEditor.csproj]
C:\Users\user\source\repos\Railml_editor\RailmlEditor\ViewModels\GraphViewModel.cs(41,54): warning CS8621: '람다 식'의 반환 형식에서 참조 형식의 Null 허용 여부가 대상 대리자 'Func<TrackViewModel, string?>'과(와) 일치하지 않습니다(Null 허용 여부 특성 때문일 수 있음). [C:\Users\user\source\repos\Railml_editor\RailmlEditor\RailmlEditor.csproj]
C:\Users\user\source\repos\Railml_editor\RailmlEditor\ViewModels\GraphViewModel.cs(58,38): warning CS8604: 'GraphNodeViewModel GraphViewModel.GetOrCreateNode(string id, string label, string type, double x, double y)'의 매개 변수 'id'에 대한 가능한 null 참조 인수입니다. [C:\Users\user\source\repos\Railml_editor\RailmlEditor\RailmlEditor.csproj]
C:\Users\user\source\repos\Railml_editor\RailmlEditor\ViewModels\GraphViewModel.cs(58,48): warning CS8604: 'GraphNodeViewModel GraphViewModel.GetOrCreateNode(string id, string label, string type, double x, double y)'의 매개 변수 'label'에 대한 가능한 null 참조 인수입니다. [C:\Users\user\source\repos\Railml_editor\RailmlEditor\RailmlEditor.csproj]
C:\Users\user\source\repos\Railml_editor\RailmlEditor\ViewModels\GraphViewModel.cs(64,33): warning CS8604: 'GraphNodeViewModel GraphViewModel.GetOrCreateNode(string id, string label, string type, double x, double y)'의 매개 변수 'id'에 대한 가능한 null 참조 인수입니다. [C:\Users\user\source\repos\Railml_editor\RailmlEditor\RailmlEditor.csproj]
C:\Users\user\source\repos\Railml_editor\RailmlEditor\ViewModels\GraphViewModel.cs(64,40): warning CS8604: 'GraphNodeViewModel GraphViewModel.GetOrCreateNode(string id, string label, string type, double x, double y)'의 매개 변수 'label'에 대한 가능한 null 참조 인수입니다. [C:\Users\user\source\repos\Railml_editor\RailmlEditor\RailmlEditor.csproj]
C:\Users\user\source\repos\Railml_editor\RailmlEditor\ViewModels\GraphViewModel.cs(69,33): warning CS8604: 'GraphNodeViewModel GraphViewModel.GetOrCreateNode(string id, string label, string type, double x, double y)'의 매개 변수 'id'에 대한 가능한 null 참조 인수입니다. [C:\Users\user\source\repos\Railml_editor\RailmlEditor\RailmlEditor.csproj]
C:\Users\user\source\repos\Railml_editor\RailmlEditor\ViewModels\GraphViewModel.cs(69,41): warning CS8604: 'GraphNodeViewModel GraphViewModel.GetOrCreateNode(string id, string label, string type, double x, double y)'의 매개 변수 'label'에 대한 가능한 null 참조 인수입니다. [C:\Users\user\source\repos\Railml_editor\RailmlEditor\RailmlEditor.csproj]
C:\Users\user\source\repos\Railml_editor\RailmlEditor\ViewModels\GraphViewModel.cs(132,66): warning CS8604: 'void GraphViewModel.AddToTrackMap(Dictionary<string, List<TrackPositionNode>> map, string trackId, double pos, GraphNodeViewModel node)'의 매개 변수 'trackId'에 대한 가능한 null 참조 인수입니다. [C:\Users\user\source\repos\Railml_editor\RailmlEditor\RailmlEditor.csproj]
C:\Users\user\source\repos\Railml_editor\RailmlEditor\ViewModels\GraphViewModel.cs(156,50): warning CS8620: 참조 형식의 null 허용 여부 차이로 인해 'GraphNodeViewModel? GraphViewModel.Traverse(TraversalCursor cursor, Dictionary<string, TrackViewModel> trackLookup, Dictionary<string, List<TrackPositionNode>> onTrackNodes, GraphNodeViewModel startNode, int depth = 0)'에서 'Dictionary<string, TrackViewModel>' 형식 'trackLookup' 매개 변수에 대해 'Dictionary<string?, TrackViewModel>' 형식 인수를 사용할 수 없습니다. [C:\Users\user\source\repos\Railml_editor\RailmlEditor\RailmlEditor.csproj]
C:\Users\user\source\repos\Railml_editor\RailmlEditor\ViewModels\GraphViewModel.cs(167,43): warning CS8600: null 리터럴 또는 가능한 null 값을 null을 허용하지 않는 형식으로 변환하는 중입니다. [C:\Users\user\source\repos\Railml_editor\RailmlEditor\RailmlEditor.csproj]
C:\Users\user\source\repos\Railml_editor\RailmlEditor\ViewModels\GraphViewModel.cs(193,91): warning CS8604: 'GraphEdgeViewModel.GraphEdgeViewModel(GraphNodeViewModel from, GraphNodeViewModel to, string direction = "none", string label = "")'의 매개 변수 'label'에 대한 가능한 null 참조 인수입니다. [C:\Users\user\source\repos\Railml_editor\RailmlEditor\RailmlEditor.csproj]
C:\Users\user\source\repos\Railml_editor\RailmlEditor\ViewModels\GraphViewModel.cs(267,64): warning CS8601: 가능한 null 참조 할당입니다. [C:\Users\user\source\repos\Railml_editor\RailmlEditor\RailmlEditor.csproj]
C:\Users\user\source\repos\Railml_editor\RailmlEditor\ViewModels\GraphViewModel.cs(268,64): warning CS8601: 가능한 null 참조 할당입니다. [C:\Users\user\source\repos\Railml_editor\RailmlEditor\RailmlEditor.csproj]
C:\Users\user\source\repos\Railml_editor\RailmlEditor\Logic\TopologyManager.cs(106,28): warning CS8620: 참조 형식의 null 허용 여부 차이로 인해 'void List<(double X, double Y, string TrackId, bool isEnd)>.Add((double X, double Y, string TrackId, bool isEnd) item)'에서 '(double X, double Y, string TrackId, bool isEnd)' 형식 'item' 매개 변수에 대해 '(double X, double Y, string? Id, bool)' 형식 인수를 사용할 수 없습니다. [C:\Users\user\source\repos\Railml_editor\RailmlEditor\RailmlEditor.csproj]
C:\Users\user\source\repos\Railml_editor\RailmlEditor\Logic\TopologyManager.cs(107,28): warning CS8620: 참조 형식의 null 허용 여부 차이로 인해 'void List<(double X, double Y, string TrackId, bool isEnd)>.Add((double X, double Y, string TrackId, bool isEnd) item)'에서 '(double X, double Y, string TrackId, bool isEnd)' 형식 'item' 매개 변수에 대해 '(double X2, double Y2, string? Id, bool)' 형식 인수를 사용할 수 없습니다. [C:\Users\user\source\repos\Railml_editor\RailmlEditor\RailmlEditor.csproj]
C:\Users\user\source\repos\Railml_editor\RailmlEditor\Logic\TopologyManager.cs(222,66): warning CS8604: 'void List<string>.Add(string item)'의 매개 변수 'item'에 대한 가능한 null 참조 인수입니다. [C:\Users\user\source\repos\Railml_editor\RailmlEditor\RailmlEditor.csproj]
C:\Users\user\source\repos\Railml_editor\RailmlEditor\Logic\TopologyManager.cs(245,72): warning CS8604: 'Match Regex.Match(string input, string pattern)'의 매개 변수 'input'에 대한 가능한 null 참조 인수입니다. [C:\Users\user\source\repos\Railml_editor\RailmlEditor\RailmlEditor.csproj]
C:\Users\user\source\repos\Railml_editor\RailmlEditor\ViewModels\GraphViewModel.cs(335,41): warning CS8600: null 리터럴 또는 가능한 null 값을 null을 허용하지 않는 형식으로 변환하는 중입니다. [C:\Users\user\source\repos\Railml_editor\RailmlEditor\RailmlEditor.csproj]
C:\Users\user\source\repos\Railml_editor\RailmlEditor\ViewModels\GraphViewModel.cs(355,40): warning CS8601: 가능한 null 참조 할당입니다. [C:\Users\user\source\repos\Railml_editor\RailmlEditor\RailmlEditor.csproj]
C:\Users\user\source\repos\Railml_editor\RailmlEditor\ViewModels\GraphViewModel.cs(366,50): warning CS8604: 'bool Dictionary<string, List<TrackPositionNode>>.TryGetValue(string key, out List<TrackPositionNode> value)'의 매개 변수 'key'에 대한 가능한 null 참조 인수입니다. [C:\Users\user\source\repos\Railml_editor\RailmlEditor\RailmlEditor.csproj]
C:\Users\user\source\repos\Railml_editor\RailmlEditor\ViewModels\GraphViewModel.cs(379,41): warning CS8600: null 리터럴 또는 가능한 null 값을 null을 허용하지 않는 형식으로 변환하는 중입니다. [C:\Users\user\source\repos\Railml_editor\RailmlEditor\RailmlEditor.csproj]
C:\Users\user\source\repos\Railml_editor\RailmlEditor\ViewModels\GraphViewModel.cs(397,40): warning CS8601: 가능한 null 참조 할당입니다. [C:\Users\user\source\repos\Railml_editor\RailmlEditor\RailmlEditor.csproj]
C:\Users\user\source\repos\Railml_editor\RailmlEditor\ViewModels\GraphViewModel.cs(408,50): warning CS8604: 'bool Dictionary<string, List<TrackPositionNode>>.TryGetValue(string key, out List<TrackPositionNode> value)'의 매개 변수 'key'에 대한 가능한 null 참조 인수입니다. [C:\Users\user\source\repos\Railml_editor\RailmlEditor\RailmlEditor.csproj]
C:\Users\user\source\repos\Railml_editor\RailmlEditor\Services\RailmlService.cs(46,44): warning CS8600: null 리터럴 또는 가능한 null 값을 null을 허용하지 않는 형식으로 변환하는 중입니다. [C:\Users\user\source\repos\Railml_editor\RailmlEditor\RailmlEditor.csproj]
C:\Users\user\source\repos\Railml_editor\RailmlEditor\Services\RailmlService.cs(190,26): warning CS8604: 'Track Dictionary<string, Track>.this[string key]'의 매개 변수 'key'에 대한 가능한 null 참조 인수입니다. [C:\Users\user\source\repos\Railml_editor\RailmlEditor\RailmlEditor.csproj]
C:\Users\user\source\repos\Railml_editor\RailmlEditor\Services\RailmlService.cs(244,98): warning CS8604: 'Match Regex.Match(string input, string pattern)'의 매개 변수 'input'에 대한 가능한 null 참조 인수입니다. [C:\Users\user\source\repos\Railml_editor\RailmlEditor\RailmlEditor.csproj]
C:\Users\user\source\repos\Railml_editor\RailmlEditor\Services\RailmlService.cs(249,96): warning CS8604: 'Match Regex.Match(string input, string pattern)'의 매개 변수 'input'에 대한 가능한 null 참조 인수입니다. [C:\Users\user\source\repos\Railml_editor\RailmlEditor\RailmlEditor.csproj]
C:\Users\user\source\repos\Railml_editor\RailmlEditor\Services\RailmlService.cs(269,105): warning CS8620: 참조 형식의 null 허용 여부 차이로 인해 'HashSet<string>.HashSet(IEnumerable<string> collection)'에서 'IEnumerable<string>' 형식 'collection' 매개 변수에 대해 'IEnumerable<string?>' 형식 인수를 사용할 수 없습니다. [C:\Users\user\source\repos\Railml_editor\RailmlEditor\RailmlEditor.csproj]
C:\Users\user\source\repos\Railml_editor\RailmlEditor\Services\RailmlService.cs(270,56): warning CS8604: 'bool HashSet<string>.Add(string item)'의 매개 변수 'item'에 대한 가능한 null 참조 인수입니다. [C:\Users\user\source\repos\Railml_editor\RailmlEditor\RailmlEditor.csproj]
C:\Users\user\source\repos\Railml_editor\RailmlEditor\Services\RailmlService.cs(291,100): warning CS8604: 'Match Regex.Match(string input, string pattern)'의 매개 변수 'input'에 대한 가능한 null 참조 인수입니다. [C:\Users\user\source\repos\Railml_editor\RailmlEditor\RailmlEditor.csproj]
C:\Users\user\source\repos\Railml_editor\RailmlEditor\Services\RailmlService.cs(332,103): warning CS8604: 'Match Regex.Match(string input, string pattern)'의 매개 변수 'input'에 대한 가능한 null 참조 인수입니다. [C:\Users\user\source\repos\Railml_editor\RailmlEditor\RailmlEditor.csproj]
C:\Users\user\source\repos\Railml_editor\RailmlEditor\Services\RailmlService.cs(581,35): warning CS8602: null 가능 참조에 대한 역참조입니다. [C:\Users\user\source\repos\Railml_editor\RailmlEditor\RailmlEditor.csproj]
C:\Users\user\source\repos\Railml_editor\RailmlEditor\Services\RailmlService.cs(592,48): warning CS8604: 'bool Dictionary<string, string>.ContainsKey(string key)'의 매개 변수 'key'에 대한 가능한 null 참조 인수입니다. [C:\Users\user\source\repos\Railml_editor\RailmlEditor\RailmlEditor.csproj]
C:\Users\user\source\repos\Railml_editor\RailmlEditor\Services\RailmlService.cs(606,36): warning CS8604: 'string Dictionary<string, string>.this[string key]'의 매개 변수 'key'에 대한 가능한 null 참조 인수입니다. [C:\Users\user\source\repos\Railml_editor\RailmlEditor\RailmlEditor.csproj]
C:\Users\user\source\repos\Railml_editor\RailmlEditor\Services\RailmlService.cs(606,73): warning CS8601: 가능한 null 참조 할당입니다. [C:\Users\user\source\repos\Railml_editor\RailmlEditor\RailmlEditor.csproj]
C:\Users\user\source\repos\Railml_editor\RailmlEditor\Services\RailmlService.cs(610,44): warning CS8604: 'string Dictionary<string, string>.this[string key]'의 매개 변수 'key'에 대한 가능한 null 참조 인수입니다. [C:\Users\user\source\repos\Railml_editor\RailmlEditor\RailmlEditor.csproj]
C:\Users\user\source\repos\Railml_editor\RailmlEditor\Services\RailmlService.cs(610,55): warning CS8601: 가능한 null 참조 할당입니다. [C:\Users\user\source\repos\Railml_editor\RailmlEditor\RailmlEditor.csproj]
C:\Users\user\source\repos\Railml_editor\RailmlEditor\Services\RailmlService.cs(615,36): warning CS8604: 'string Dictionary<string, string>.this[string key]'의 매개 변수 'key'에 대한 가능한 null 참조 인수입니다. [C:\Users\user\source\repos\Railml_editor\RailmlEditor\RailmlEditor.csproj]
C:\Users\user\source\repos\Railml_editor\RailmlEditor\Services\RailmlService.cs(615,71): warning CS8601: 가능한 null 참조 할당입니다. [C:\Users\user\source\repos\Railml_editor\RailmlEditor\RailmlEditor.csproj]
C:\Users\user\source\repos\Railml_editor\RailmlEditor\Services\RailmlService.cs(619,44): warning CS8604: 'string Dictionary<string, string>.this[string key]'의 매개 변수 'key'에 대한 가능한 null 참조 인수입니다. [C:\Users\user\source\repos\Railml_editor\RailmlEditor\RailmlEditor.csproj]
C:\Users\user\source\repos\Railml_editor\RailmlEditor\Services\RailmlService.cs(619,55): warning CS8601: 가능한 null 참조 할당입니다. [C:\Users\user\source\repos\Railml_editor\RailmlEditor\RailmlEditor.csproj]
C:\Users\user\source\repos\Railml_editor\RailmlEditor\Services\RailmlService.cs(636,47): warning CS8604: 'bool Dictionary<string, VisualizationPosition>.TryGetValue(string key, out VisualizationPosition value)'의 매개 변수 'key'에 대한 가능한 null 참조 인수입니다. [C:\Users\user\source\repos\Railml_editor\RailmlEditor\RailmlEditor.csproj]
C:\Users\user\source\repos\Railml_editor\RailmlEditor\Services\RailmlService.cs(642,47): warning CS8604: 'bool Dictionary<string, VisualizationPosition>.TryGetValue(string key, out VisualizationPosition value)'의 매개 변수 'key'에 대한 가능한 null 참조 인수입니다. [C:\Users\user\source\repos\Railml_editor\RailmlEditor\RailmlEditor.csproj]
C:\Users\user\source\repos\Railml_editor\RailmlEditor\Services\RailmlService.cs(665,36): warning CS8604: 'string Dictionary<string, string>.this[string key]'의 매개 변수 'key'에 대한 가능한 null 참조 인수입니다. [C:\Users\user\source\repos\Railml_editor\RailmlEditor\RailmlEditor.csproj]
C:\Users\user\source\repos\Railml_editor\RailmlEditor\Services\RailmlService.cs(719,154): warning CS8604: 'Match Regex.Match(string input, string pattern)'의 매개 변수 'input'에 대한 가능한 null 참조 인수입니다. [C:\Users\user\source\repos\Railml_editor\RailmlEditor\RailmlEditor.csproj]
C:\Users\user\source\repos\Railml_editor\RailmlEditor\Services\RailmlService.cs(751,154): warning CS8604: 'Match Regex.Match(string input, string pattern)'의 매개 변수 'input'에 대한 가능한 null 참조 인수입니다. [C:\Users\user\source\repos\Railml_editor\RailmlEditor\RailmlEditor.csproj]
C:\Users\user\source\repos\Railml_editor\RailmlEditor\Services\RailmlService.cs(777,46): warning CS8604: 'bool Dictionary<string, VisualizationPosition>.TryGetValue(string key, out VisualizationPosition value)'의 매개 변수 'key'에 대한 가능한 null 참조 인수입니다. [C:\Users\user\source\repos\Railml_editor\RailmlEditor\RailmlEditor.csproj]
C:\Users\user\source\repos\Railml_editor\RailmlEditor\Services\RailmlService.cs(810,53): warning CS8600: null 리터럴 또는 가능한 null 값을 null을 허용하지 않는 형식으로 변환하는 중입니다. [C:\Users\user\source\repos\Railml_editor\RailmlEditor\RailmlEditor.csproj]
C:\Users\user\source\repos\Railml_editor\RailmlEditor\Services\RailmlService.cs(811,57): warning CS8600: null 리터럴 또는 가능한 null 값을 null을 허용하지 않는 형식으로 변환하는 중입니다. [C:\Users\user\source\repos\Railml_editor\RailmlEditor\RailmlEditor.csproj]
C:\Users\user\source\repos\Railml_editor\RailmlEditor\Services\RailmlService.cs(814,59): warning CS8604: 'bool Dictionary<string, string>.ContainsKey(string key)'의 매개 변수 'key'에 대한 가능한 null 참조 인수입니다. [C:\Users\user\source\repos\Railml_editor\RailmlEditor\RailmlEditor.csproj]
C:\Users\user\source\repos\Railml_editor\RailmlEditor\Services\RailmlService.cs(824,58): warning CS8600: null 리터럴 또는 가능한 null 값을 null을 허용하지 않는 형식으로 변환하는 중입니다. [C:\Users\user\source\repos\Railml_editor\RailmlEditor\RailmlEditor.csproj]
C:\Users\user\source\repos\Railml_editor\RailmlEditor\Services\RailmlService.cs(839,53): warning CS8600: null 리터럴 또는 가능한 null 값을 null을 허용하지 않는 형식으로 변환하는 중입니다. [C:\Users\user\source\repos\Railml_editor\RailmlEditor\RailmlEditor.csproj]
C:\Users\user\source\repos\Railml_editor\RailmlEditor\Services\RailmlService.cs(840,57): warning CS8600: null 리터럴 또는 가능한 null 값을 null을 허용하지 않는 형식으로 변환하는 중입니다. [C:\Users\user\source\repos\Railml_editor\RailmlEditor\RailmlEditor.csproj]
C:\Users\user\source\repos\Railml_editor\RailmlEditor\Services\RailmlService.cs(842,59): warning CS8604: 'bool Dictionary<string, string>.ContainsKey(string key)'의 매개 변수 'key'에 대한 가능한 null 참조 인수입니다. [C:\Users\user\source\repos\Railml_editor\RailmlEditor\RailmlEditor.csproj]
C:\Users\user\source\repos\Railml_editor\RailmlEditor\Services\RailmlService.cs(850,58): warning CS8600: null 리터럴 또는 가능한 null 값을 null을 허용하지 않는 형식으로 변환하는 중입니다. [C:\Users\user\source\repos\Railml_editor\RailmlEditor\RailmlEditor.csproj]
C:\Users\user\source\repos\Railml_editor\RailmlEditor\Services\RailmlService.cs(861,53): warning CS8600: null 리터럴 또는 가능한 null 값을 null을 허용하지 않는 형식으로 변환하는 중입니다. [C:\Users\user\source\repos\Railml_editor\RailmlEditor\RailmlEditor.csproj]
C:\Users\user\source\repos\Railml_editor\RailmlEditor\Services\RailmlService.cs(862,57): warning CS8600: null 리터럴 또는 가능한 null 값을 null을 허용하지 않는 형식으로 변환하는 중입니다. [C:\Users\user\source\repos\Railml_editor\RailmlEditor\RailmlEditor.csproj]
C:\Users\user\source\repos\Railml_editor\RailmlEditor\Services\RailmlService.cs(864,59): warning CS8604: 'bool Dictionary<string, string>.ContainsKey(string key)'의 매개 변수 'key'에 대한 가능한 null 참조 인수입니다. [C:\Users\user\source\repos\Railml_editor\RailmlEditor\RailmlEditor.csproj]
C:\Users\user\source\repos\Railml_editor\RailmlEditor\Services\RailmlService.cs(872,58): warning CS8600: null 리터럴 또는 가능한 null 값을 null을 허용하지 않는 형식으로 변환하는 중입니다. [C:\Users\user\source\repos\Railml_editor\RailmlEditor\RailmlEditor.csproj]
C:\Users\user\source\repos\Railml_editor\RailmlEditor\Services\RailmlService.cs(973,55): warning CS8604: 'bool Dictionary<string, VisualizationPosition>.TryGetValue(string key, out VisualizationPosition value)'의 매개 변수 'key'에 대한 가능한 null 참조 인수입니다. [C:\Users\user\source\repos\Railml_editor\RailmlEditor\RailmlEditor.csproj]
C:\Users\user\source\repos\Railml_editor\RailmlEditor\Services\RailmlService.cs(979,55): warning CS8604: 'bool Dictionary<string, VisualizationPosition>.TryGetValue(string key, out VisualizationPosition value)'의 매개 변수 'key'에 대한 가능한 null 참조 인수입니다. [C:\Users\user\source\repos\Railml_editor\RailmlEditor\RailmlEditor.csproj]
C:\Users\user\source\repos\Railml_editor\RailmlEditor\Services\RailmlService.cs(1150,54): warning CS8604: 'bool Dictionary<string, VisualizationPosition>.TryGetValue(string key, out VisualizationPosition value)'의 매개 변수 'key'에 대한 가능한 null 참조 인수입니다. [C:\Users\user\source\repos\Railml_editor\RailmlEditor\RailmlEditor.csproj]
C:\Users\user\source\repos\Railml_editor\RailmlEditor\Services\RailmlService.cs(1214,110): warning CS8604: 'Match Regex.Match(string input, string pattern)'의 매개 변수 'input'에 대한 가능한 null 참조 인수입니다. [C:\Users\user\source\repos\Railml_editor\RailmlEditor\RailmlEditor.csproj]
C:\Users\user\source\repos\Railml_editor\RailmlEditor\Services\RailmlService.cs(1229,110): warning CS8604: 'Match Regex.Match(string input, string pattern)'의 매개 변수 'input'에 대한 가능한 null 참조 인수입니다. [C:\Users\user\source\repos\Railml_editor\RailmlEditor\RailmlEditor.csproj]
C:\Users\user\source\repos\Railml_editor\RailmlEditor\Services\RailmlService.cs(1237,105): warning CS8604: 'Match Regex.Match(string input, string pattern)'의 매개 변수 'input'에 대한 가능한 null 참조 인수입니다. [C:\Users\user\source\repos\Railml_editor\RailmlEditor\RailmlEditor.csproj]
C:\Users\user\source\repos\Railml_editor\RailmlEditor\Services\RailmlService.cs(1261,54): warning CS8604: 'bool Dictionary<string, VisualizationPosition>.TryGetValue(string key, out VisualizationPosition value)'의 매개 변수 'key'에 대한 가능한 null 참조 인수입니다. [C:\Users\user\source\repos\Railml_editor\RailmlEditor\RailmlEditor.csproj]
C:\Users\user\source\repos\Railml_editor\RailmlEditor\Services\RailmlService.cs(1313,54): warning CS8604: 'bool Dictionary<string, VisualizationPosition>.TryGetValue(string key, out VisualizationPosition value)'의 매개 변수 'key'에 대한 가능한 null 참조 인수입니다. [C:\Users\user\source\repos\Railml_editor\RailmlEditor\RailmlEditor.csproj]
C:\Users\user\source\repos\Railml_editor\RailmlEditor\Services\RailmlService.cs(1342,36): warning CS8601: 가능한 null 참조 할당입니다. [C:\Users\user\source\repos\Railml_editor\RailmlEditor\RailmlEditor.csproj]
C:\Users\user\source\repos\Railml_editor\RailmlEditor\Services\RailmlService.cs(1343,43): warning CS8601: 가능한 null 참조 할당입니다. [C:\Users\user\source\repos\Railml_editor\RailmlEditor\RailmlEditor.csproj]
C:\Users\user\source\repos\Railml_editor\RailmlEditor\Services\RailmlService.cs(1344,48): warning CS8601: 가능한 null 참조 할당입니다. [C:\Users\user\source\repos\Railml_editor\RailmlEditor\RailmlEditor.csproj]
C:\Users\user\source\repos\Railml_editor\RailmlEditor\Services\RailmlService.cs(1345,40): warning CS8601: 가능한 null 참조 할당입니다. [C:\Users\user\source\repos\Railml_editor\RailmlEditor\RailmlEditor.csproj]
C:\Users\user\source\repos\Railml_editor\RailmlEditor\Services\RailmlService.cs(1346,39): warning CS8601: 가능한 null 참조 할당입니다. [C:\Users\user\source\repos\Railml_editor\RailmlEditor\RailmlEditor.csproj]
C:\Users\user\source\repos\Railml_editor\RailmlEditor\Services\RailmlService.cs(1347,45): warning CS8601: 가능한 null 참조 할당입니다. [C:\Users\user\source\repos\Railml_editor\RailmlEditor\RailmlEditor.csproj]
C:\Users\user\source\repos\Railml_editor\RailmlEditor\Services\RailmlService.cs(1350,49): warning CS8601: 가능한 null 참조 할당입니다. [C:\Users\user\source\repos\Railml_editor\RailmlEditor\RailmlEditor.csproj]
C:\Users\user\source\repos\Railml_editor\RailmlEditor\Services\RailmlService.cs(1360,54): warning CS8601: 가능한 null 참조 할당입니다. [C:\Users\user\source\repos\Railml_editor\RailmlEditor\RailmlEditor.csproj]
C:\Users\user\source\repos\Railml_editor\RailmlEditor\Services\RailmlService.cs(1373,54): warning CS8601: 가능한 null 참조 할당입니다. [C:\Users\user\source\repos\Railml_editor\RailmlEditor\RailmlEditor.csproj]
C:\Users\user\source\repos\Railml_editor\RailmlEditor\Services\RailmlService.cs(1406,36): warning CS8601: 가능한 null 참조 할당입니다. [C:\Users\user\source\repos\Railml_editor\RailmlEditor\RailmlEditor.csproj]
